[?1h=[?25l[H[2J(B[mtop - 21:05:32 up  1:44,  0 users,  load average: 0.52, 0.58, 0.59(B[m[39;49m(B[m[39;49m[K
Tasks:(B[m[39;49m[1m   5 (B[m[39;49mtotal,(B[m[39;49m[1m   1 (B[m[39;49mrunning,(B[m[39;49m[1m   3 (B[m[39;49msleeping,(B[m[39;49m[1m   1 (B[m[39;49mstopped,(B[m[39;49m[1m   0 (B[m[39;49mzomb(B[m[39;49m(B[m[39;49m[K
%Cpu(s):(B[m[39;49m[1m  1.7 (B[m[39;49mus,(B[m[39;49m[1m  0.0 (B[m[39;49msy,(B[m[39;49m[1m  0.0 (B[m[39;49mni,(B[m[39;49m[1m 98.3 (B[m[39;49mid,(B[m[39;49m[1m  0.0 (B[m[39;49mwa,(B[m[39;49m[1m  0.0 (B[m[39;49mhi,(B[m[39;49m[1m  0.(B[m[39;49m(B[m[39;49m[K
MiB Mem :(B[m[39;49m[1m  12193.1 (B[m[39;49mtotal,(B[m[39;49m[1m   7021.1 (B[m[39;49mfree,(B[m[39;49m[1m   4948.0 (B[m[39;49mused,(B[m[39;49m[1m    224.0 (B[m[39;49mb(B[m[39;49m(B[m[39;49m[K
MiB Swap:(B[m[39;49m[1m  30447.0 (B[m[39;49mtotal,(B[m[39;49m[1m  30321.9 (B[m[39;49mfree,(B[m[39;49m[1m    125.1 (B[m[39;49mused.(B[m[39;49m[1m   7114.5 (B[m[39;49ma(B[m[39;49m(B[m[39;49m[K
[K
[7m  PID USER      PR  NI    VIRT    RES    SHR S  %CPU  %MEM (B[m[39;49m[K
(B[m    1 root      20   0    8940    316    272 S   0.0   0.0 (B[m[39;49m[K
(B[m    7 root      20   0    8940    228    184 S   0.0   0.0 (B[m[39;49m[K
(B[m    8 zuricato  20   0   19428   5072   4964 S   0.0   0.0 (B[m[39;49m[K
(B[m 4698 zuricato  20   0   17384   3172   1492 T   0.0   0.0 (B[m[39;49m[K
(B[m[1m 4726 zuricato  20   0   18932   2088   1460 R   0.0   0.0 (B[m[39;49m[K
[J[H(B[mtop - 21:05:35 up  1:44,  0 users,  load average: 0.52, 0.58, 0.59(B[m[39;49m(B[m[39;49m[K

%Cpu(s):(B[m[39;49m[1m  3.6 (B[m[39;49mus,(B[m[39;49m[1m  2.6 (B[m[39;49msy,(B[m[39;49m[1m  0.0 (B[m[39;49mni,(B[m[39;49m[1m 93.3 (B[m[39;49mid,(B[m[39;49m[1m  0.0 (B[m[39;49mwa,(B[m[39;49m[1m  0.6 (B[m[39;49mhi,(B[m[39;49m[1m  0.(B[m[39;49m(B[m[39;49m[K
MiB Mem :(B[m[39;49m[1m  12193.1 (B[m[39;49mtotal,(B[m[39;49m[1m   6992.2 (B[m[39;49mfree,(B[m[39;49m[1m   4977.0 (B[m[39;49mused,(B[m[39;49m[1m    224.0 (B[m[39;49mb(B[m[39;49m(B[m[39;49m[K
MiB Swap:(B[m[39;49m[1m  30447.0 (B[m[39;49mtotal,(B[m[39;49m[1m  30321.9 (B[m[39;49mfree,(B[m[39;49m[1m    125.1 (B[m[39;49mused.(B[m[39;49m[1m   7085.6 (B[m[39;49ma(B[m[39;49m(B[m[39;49m[K
[K

(B[m[1m 4726 zuricato  20   0   18932   2156   1528 R   0.7   0.0 (B[m[39;49m[K
(B[m    1 root      20   0    8940    316    272 S   0.0   0.0 (B[m[39;49m[K
(B[m    7 root      20   0    8940    228    184 S   0.0   0.0 (B[m[39;49m[K
(B[m    8 zuricato  20   0   19428   5072   4964 S   0.0   0.0 (B[m[39;49m[K
(B[m 4698 zuricato  20   0   17384   3172   1492 T   0.0   0.0 (B[m[39;49m[K
[J[H(B[mtop - 21:05:38 up  1:44,  0 users,  load average: 0.52, 0.58, 0.59(B[m[39;49m(B[m[39;49m[K

%Cpu(s):(B[m[39;49m[1m  3.4 (B[m[39;49mus,(B[m[39;49m[1m  2.2 (B[m[39;49msy,(B[m[39;49m[1m  0.0 (B[m[39;49mni,(B[m[39;49m[1m 94.1 (B[m[39;49mid,(B[m[39;49m[1m  0.0 (B[m[39;49mwa,(B[m[39;49m[1m  0.3 (B[m[39;49mhi,(B[m[39;49m[1m  0.(B[m[39;49m(B[m[39;49m[K
MiB Mem :(B[m[39;49m[1m  12193.1 (B[m[39;49mtotal,(B[m[39;49m[1m   6986.5 (B[m[39;49mfree,(B[m[39;49m[1m   4982.6 (B[m[39;49mused,(B[m[39;49m[1m    224.0 (B[m[39;49mb(B[m[39;49m(B[m[39;49m[K
MiB Swap:(B[m[39;49m[1m  30447.0 (B[m[39;49mtotal,(B[m[39;49m[1m  30321.9 (B[m[39;49mfree,(B[m[39;49m[1m    125.1 (B[m[39;49mused.(B[m[39;49m[1m   7079.9 (B[m[39;49ma(B[m[39;49m(B[m[39;49m[K
[K

(B[m    1 root      20   0    8940    316    272 S   0.0   0.0 (B[m[39;49m[K
(B[m    7 root      20   0    8940    228    184 S   0.0   0.0 (B[m[39;49m[K
(B[m    8 zuricato  20   0   19428   5072   4964 S   0.0   0.0 (B[m[39;49m[K
(B[m 4698 zuricato  20   0   17384   3172   1492 T   0.0   0.0 (B[m[39;49m[K
(B[m[1m 4726 zuricato  20   0   18932   2156   1528 R   0.0   0.0 (B[m[39;49m[K
[J[H(B[mtop - 21:05:41 up  1:44,  0 users,  load average: 0.52, 0.58, 0.59(B[m[39;49m(B[m[39;49m[K

%Cpu(s):(B[m[39;49m[1m  5.2 (B[m[39;49mus,(B[m[39;49m[1m  3.5 (B[m[39;49msy,(B[m[39;49m[1m  0.0 (B[m[39;49mni,(B[m[39;49m[1m 89.8 (B[m[39;49mid,(B[m[39;49m[1m  0.0 (B[m[39;49mwa,(B[m[39;49m[1m  1.5 (B[m[39;49mhi,(B[m[39;49m[1m  0.(B[m[39;49m(B[m[39;49m[K
MiB Mem :(B[m[39;49m[1m  12193.1 (B[m[39;49mtotal,(B[m[39;49m[1m   6975.5 (B[m[39;49mfree,(B[m[39;49m[1m   4993.6 (B[m[39;49mused,(B[m[39;49m[1m    224.0 (B[m[39;49mb(B[m[39;49m(B[m[39;49m[K
MiB Swap:(B[m[39;49m[1m  30447.0 (B[m[39;49mtotal,(B[m[39;49m[1m  30321.9 (B[m[39;49mfree,(B[m[39;49m[1m    125.1 (B[m[39;49mused.(B[m[39;49m[1m   7068.9 (B[m[39;49ma(B[m[39;49m(B[m[39;49m[K
[K






[J[H(B[mtop - 21:05:44 up  1:44,  0 users,  load average: 0.52, 0.58, 0.59(B[m[39;49m(B[m[39;49m[K

%Cpu(s):(B[m[39;49m[1m  2.8 (B[m[39;49mus,(B[m[39;49m[1m  4.0 (B[m[39;49msy,(B[m[39;49m[1m  0.0 (B[m[39;49mni,(B[m[39;49m[1m 92.4 (B[m[39;49mid,(B[m[39;49m[1m  0.0 (B[m[39;49mwa,(B[m[39;49m[1m  0.8 (B[m[39;49mhi,(B[m[39;49m[1m  0.(B[m[39;49m(B[m[39;49m[K
MiB Mem :(B[m[39;49m[1m  12193.1 (B[m[39;49mtotal,(B[m[39;49m[1m   7008.8 (B[m[39;49mfree,(B[m[39;49m[1m   4960.3 (B[m[39;49mused,(B[m[39;49m[1m    224.0 (B[m[39;49mb(B[m[39;49m(B[m[39;49m[K
MiB Swap:(B[m[39;49m[1m  30447.0 (B[m[39;49mtotal,(B[m[39;49m[1m  30321.9 (B[m[39;49mfree,(B[m[39;49m[1m    125.1 (B[m[39;49mused.(B[m[39;49m[1m   7102.2 (B[m[39;49ma(B[m[39;49m(B[m[39;49m[K
[K






[J[H(B[mtop - 21:05:47 up  1:44,  0 users,  load average: 0.52, 0.58, 0.59(B[m[39;49m(B[m[39;49m[K

%Cpu(s):(B[m[39;49m[1m  3.8 (B[m[39;49mus,(B[m[39;49m[1m  2.8 (B[m[39;49msy,(B[m[39;49m[1m  0.0 (B[m[39;49mni,(B[m[39;49m[1m 92.3 (B[m[39;49mid,(B[m[39;49m[1m  0.0 (B[m[39;49mwa,(B[m[39;49m[1m  1.1 (B[m[39;49mhi,(B[m[39;49m[1m  0.(B[m[39;49m(B[m[39;49m[K
MiB Mem :(B[m[39;49m[1m  12193.1 (B[m[39;49mtotal,(B[m[39;49m[1m   7010.0 (B[m[39;49mfree,(B[m[39;49m[1m   4959.2 (B[m[39;49mused,(B[m[39;49m[1m    224.0 (B[m[39;49mb(B[m[39;49m(B[m[39;49m[K
MiB Swap:(B[m[39;49m[1m  30447.0 (B[m[39;49mtotal,(B[m[39;49m[1m  30321.9 (B[m[39;49mfree,(B[m[39;49m[1m    125.1 (B[m[39;49mused.(B[m[39;49m[1m   7103.4 (B[m[39;49ma(B[m[39;49m(B[m[39;49m[K
[K






[J[H(B[mtop - 21:05:50 up  1:44,  0 users,  load average: 0.52, 0.58, 0.59(B[m[39;49m(B[m[39;49m[K

%Cpu(s):(B[m[39;49m[1m  4.1 (B[m[39;49mus,(B[m[39;49m[1m  3.4 (B[m[39;49msy,(B[m[39;49m[1m  0.0 (B[m[39;49mni,(B[m[39;49m[1m 91.8 (B[m[39;49mid,(B[m[39;49m[1m  0.0 (B[m[39;49mwa,(B[m[39;49m[1m  0.7 (B[m[39;49mhi,(B[m[39;49m[1m  0.(B[m[39;49m(B[m[39;49m[K
MiB Mem :(B[m[39;49m[1m  12193.1 (B[m[39;49mtotal,(B[m[39;49m[1m   7011.5 (B[m[39;49mfree,(B[m[39;49m[1m   4957.7 (B[m[39;49mused,(B[m[39;49m[1m    224.0 (B[m[39;49mb(B[m[39;49m(B[m[39;49m[K
MiB Swap:(B[m[39;49m[1m  30447.0 (B[m[39;49mtotal,(B[m[39;49m[1m  30321.9 (B[m[39;49mfree,(B[m[39;49m[1m    125.1 (B[m[39;49mused.(B[m[39;49m[1m   7104.9 (B[m[39;49ma(B[m[39;49m(B[m[39;49m[K
[K






[J[H(B[mtop - 21:05:53 up  1:44,  0 users,  load average: 0.52, 0.58, 0.59(B[m[39;49m(B[m[39;49m[K

%Cpu(s):(B[m[39;49m[1m  4.4 (B[m[39;49mus,(B[m[39;49m[1m  3.1 (B[m[39;49msy,(B[m[39;49m[1m  0.0 (B[m[39;49mni,(B[m[39;49m[1m 92.3 (B[m[39;49mid,(B[m[39;49m[1m  0.0 (B[m[39;49mwa,(B[m[39;49m[1m  0.2 (B[m[39;49mhi,(B[m[39;49m[1m  0.(B[m[39;49m(B[m[39;49m[K
MiB Mem :(B[m[39;49m[1m  12193.1 (B[m[39;49mtotal,(B[m[39;49m[1m   7004.1 (B[m[39;49mfree,(B[m[39;49m[1m   4965.1 (B[m[39;49mused,(B[m[39;49m[1m    224.0 (B[m[39;49mb(B[m[39;49m(B[m[39;49m[K
MiB Swap:(B[m[39;49m[1m  30447.0 (B[m[39;49mtotal,(B[m[39;49m[1m  30321.9 (B[m[39;49mfree,(B[m[39;49m[1m    125.1 (B[m[39;49mused.(B[m[39;49m[1m   7097.5 (B[m[39;49ma(B[m[39;49m(B[m[39;49m[K
[K






[J[H(B[mtop - 21:05:56 up  1:44,  0 users,  load average: 0.52, 0.58, 0.59(B[m[39;49m(B[m[39;49m[K

%Cpu(s):(B[m[39;49m[1m  2.4 (B[m[39;49mus,(B[m[39;49m[1m  3.9 (B[m[39;49msy,(B[m[39;49m[1m  0.0 (B[m[39;49mni,(B[m[39;49m[1m 92.8 (B[m[39;49mid,(B[m[39;49m[1m  0.0 (B[m[39;49mwa,(B[m[39;49m[1m  0.9 (B[m[39;49mhi,(B[m[39;49m[1m  0.(B[m[39;49m(B[m[39;49m[K
MiB Mem :(B[m[39;49m[1m  12193.1 (B[m[39;49mtotal,(B[m[39;49m[1m   7004.2 (B[m[39;49mfree,(B[m[39;49m[1m   4965.0 (B[m[39;49mused,(B[m[39;49m[1m    224.0 (B[m[39;49mb(B[m[39;49m(B[m[39;49m[K
MiB Swap:(B[m[39;49m[1m  30447.0 (B[m[39;49mtotal,(B[m[39;49m[1m  30321.9 (B[m[39;49mfree,(B[m[39;49m[1m    125.1 (B[m[39;49mused.(B[m[39;49m[1m   7097.6 (B[m[39;49ma(B[m[39;49m(B[m[39;49m[K
[K






[J[H(B[mtop - 21:05:59 up  1:44,  0 users,  load average: 0.52, 0.58, 0.59(B[m[39;49m(B[m[39;49m[K

%Cpu(s):(B[m[39;49m[1m  4.5 (B[m[39;49mus,(B[m[39;49m[1m  3.3 (B[m[39;49msy,(B[m[39;49m[1m  0.0 (B[m[39;49mni,(B[m[39;49m[1m 91.7 (B[m[39;49mid,(B[m[39;49m[1m  0.0 (B[m[39;49mwa,(B[m[39;49m[1m  0.5 (B[m[39;49mhi,(B[m[39;49m[1m  0.(B[m[39;49m(B[m[39;49m[K
MiB Mem :(B[m[39;49m[1m  12193.1 (B[m[39;49mtotal,(B[m[39;49m[1m   7005.0 (B[m[39;49mfree,(B[m[39;49m[1m   4964.2 (B[m[39;49mused,(B[m[39;49m[1m    224.0 (B[m[39;49mb(B[m[39;49m(B[m[39;49m[K
MiB Swap:(B[m[39;49m[1m  30447.0 (B[m[39;49mtotal,(B[m[39;49m[1m  30321.9 (B[m[39;49mfree,(B[m[39;49m[1m    125.1 (B[m[39;49mused.(B[m[39;49m[1m   7098.4 (B[m[39;49ma(B[m[39;49m(B[m[39;49m[K
[K

(B[m[1m 4726 zuricato  20   0   18932   2156   1528 R   0.3   0.0 (B[m[39;49m[K
(B[m    1 root      20   0    8940    316    272 S   0.0   0.0 (B[m[39;49m[K
(B[m    7 root      20   0    8940    228    184 S   0.0   0.0 (B[m[39;49m[K
(B[m    8 zuricato  20   0   19428   5072   4964 S   0.0   0.0 (B[m[39;49m[K
(B[m 4698 zuricato  20   0   17384   3172   1492 T   0.0   0.0 (B[m[39;49m[K
[J[H(B[mtop - 21:06:02 up  1:44,  0 users,  load average: 0.52, 0.58, 0.59(B[m[39;49m(B[m[39;49m[K

%Cpu(s):(B[m[39;49m[1m  4.5 (B[m[39;49mus,(B[m[39;49m[1m  3.3 (B[m[39;49msy,(B[m[39;49m[1m  0.0 (B[m[39;49mni,(B[m[39;49m[1m 91.4 (B[m[39;49mid,(B[m[39;49m[1m  0.0 (B[m[39;49mwa,(B[m[39;49m[1m  0.8 (B[m[39;49mhi,(B[m[39;49m[1m  0.(B[m[39;49m(B[m[39;49m[K
MiB Mem :(B[m[39;49m[1m  12193.1 (B[m[39;49mtotal,(B[m[39;49m[1m   7006.2 (B[m[39;49mfree,(B[m[39;49m[1m   4963.0 (B[m[39;49mused,(B[m[39;49m[1m    224.0 (B[m[39;49mb(B[m[39;49m(B[m[39;49m[K
MiB Swap:(B[m[39;49m[1m  30447.0 (B[m[39;49mtotal,(B[m[39;49m[1m  30321.9 (B[m[39;49mfree,(B[m[39;49m[1m    125.1 (B[m[39;49mused.(B[m[39;49m[1m   7099.6 (B[m[39;49ma(B[m[39;49m(B[m[39;49m[K
[K

(B[m    1 root      20   0    8940    316    272 S   0.0   0.0 (B[m[39;49m[K
(B[m    7 root      20   0    8940    228    184 S   0.0   0.0 (B[m[39;49m[K
(B[m    8 zuricato  20   0   19428   5072   4964 S   0.0   0.0 (B[m[39;49m[K
(B[m 4698 zuricato  20   0   17384   3172   1492 T   0.0   0.0 (B[m[39;49m[K
(B[m[1m 4726 zuricato  20   0   18932   2156   1528 R   0.0   0.0 (B[m[39;49m[K
[J[H(B[mtop - 21:06:05 up  1:44,  0 users,  load average: 0.52, 0.58, 0.59(B[m[39;49m(B[m[39;49m[K

%Cpu(s):(B[m[39;49m[1m  4.3 (B[m[39;49mus,(B[m[39;49m[1m  2.5 (B[m[39;49msy,(B[m[39;49m[1m  0.0 (B[m[39;49mni,(B[m[39;49m[1m 92.8 (B[m[39;49mid,(B[m[39;49m[1m  0.0 (B[m[39;49mwa,(B[m[39;49m[1m  0.4 (B[m[39;49mhi,(B[m[39;49m[1m  0.(B[m[39;49m(B[m[39;49m[K
MiB Mem :(B[m[39;49m[1m  12193.1 (B[m[39;49mtotal,(B[m[39;49m[1m   7006.1 (B[m[39;49mfree,(B[m[39;49m[1m   4963.1 (B[m[39;49mused,(B[m[39;49m[1m    224.0 (B[m[39;49mb(B[m[39;49m(B[m[39;49m[K
MiB Swap:(B[m[39;49m[1m  30447.0 (B[m[39;49mtotal,(B[m[39;49m[1m  30321.9 (B[m[39;49mfree,(B[m[39;49m[1m    125.1 (B[m[39;49mused.(B[m[39;49m[1m   7099.5 (B[m[39;49ma(B[m[39;49m(B[m[39;49m[K
[K






[J[H(B[mtop - 21:06:08 up  1:44,  0 users,  load average: 0.52, 0.58, 0.59(B[m[39;49m(B[m[39;49m[K

%Cpu(s):(B[m[39;49m[1m  4.3 (B[m[39;49mus,(B[m[39;49m[1m  1.8 (B[m[39;49msy,(B[m[39;49m[1m  0.0 (B[m[39;49mni,(B[m[39;49m[1m 93.5 (B[m[39;49mid,(B[m[39;49m[1m  0.0 (B[m[39;49mwa,(B[m[39;49m[1m  0.3 (B[m[39;49mhi,(B[m[39;49m[1m  0.(B[m[39;49m(B[m[39;49m[K
MiB Mem :(B[m[39;49m[1m  12193.1 (B[m[39;49mtotal,(B[m[39;49m[1m   7008.0 (B[m[39;49mfree,(B[m[39;49m[1m   4961.2 (B[m[39;49mused,(B[m[39;49m[1m    224.0 (B[m[39;49mb(B[m[39;49m(B[m[39;49m[K
MiB Swap:(B[m[39;49m[1m  30447.0 (B[m[39;49mtotal,(B[m[39;49m[1m  30321.9 (B[m[39;49mfree,(B[m[39;49m[1m    125.1 (B[m[39;49mused.(B[m[39;49m[1m   7101.4 (B[m[39;49ma(B[m[39;49m(B[m[39;49m[K
[K






[J[H(B[mtop - 21:06:11 up  1:44,  0 users,  load average: 0.52, 0.58, 0.59(B[m[39;49m(B[m[39;49m[K

%Cpu(s):(B[m[39;49m[1m  3.6 (B[m[39;49mus,(B[m[39;49m[1m  2.6 (B[m[39;49msy,(B[m[39;49m[1m  0.0 (B[m[39;49mni,(B[m[39;49m[1m 92.5 (B[m[39;49mid,(B[m[39;49m[1m  0.0 (B[m[39;49mwa,(B[m[39;49m[1m  1.3 (B[m[39;49mhi,(B[m[39;49m[1m  0.(B[m[39;49m(B[m[39;49m[K
MiB Mem :(B[m[39;49m[1m  12193.1 (B[m[39;49mtotal,(B[m[39;49m[1m   7007.7 (B[m[39;49mfree,(B[m[39;49m[1m   4961.4 (B[m[39;49mused,(B[m[39;49m[1m    224.0 (B[m[39;49mb(B[m[39;49m(B[m[39;49m[K
MiB Swap:(B[m[39;49m[1m  30447.0 (B[m[39;49mtotal,(B[m[39;49m[1m  30321.9 (B[m[39;49mfree,(B[m[39;49m[1m    125.1 (B[m[39;49mused.(B[m[39;49m[1m   7101.1 (B[m[39;49ma(B[m[39;49m(B[m[39;49m[K
[K






[J[H(B[mtop - 21:06:14 up  1:44,  0 users,  load average: 0.52, 0.58, 0.59(B[m[39;49m(B[m[39;49m[K

%Cpu(s):(B[m[39;49m[1m  4.9 (B[m[39;49mus,(B[m[39;49m[1m  4.5 (B[m[39;49msy,(B[m[39;49m[1m  0.0 (B[m[39;49mni,(B[m[39;49m[1m 89.8 (B[m[39;49mid,(B[m[39;49m[1m  0.0 (B[m[39;49mwa,(B[m[39;49m[1m  0.7 (B[m[39;49mhi,(B[m[39;49m[1m  0.(B[m[39;49m(B[m[39;49m[K
MiB Mem :(B[m[39;49m[1m  12193.1 (B[m[39;49mtotal,(B[m[39;49m[1m   7023.9 (B[m[39;49mfree,(B[m[39;49m[1m   4945.3 (B[m[39;49mused,(B[m[39;49m[1m    224.0 (B[m[39;49mb(B[m[39;49m(B[m[39;49m[K
MiB Swap:(B[m[39;49m[1m  30447.0 (B[m[39;49mtotal,(B[m[39;49m[1m  30321.9 (B[m[39;49mfree,(B[m[39;49m[1m    125.1 (B[m[39;49mused.(B[m[39;49m[1m   7117.3 (B[m[39;49ma(B[m[39;49m(B[m[39;49m[K
[K






[J[H(B[mtop - 21:06:17 up  1:44,  0 users,  load average: 0.52, 0.58, 0.59(B[m[39;49m(B[m[39;49m[K

%Cpu(s):(B[m[39;49m[1m  3.3 (B[m[39;49mus,(B[m[39;49m[1m  4.1 (B[m[39;49msy,(B[m[39;49m[1m  0.0 (B[m[39;49mni,(B[m[39;49m[1m 91.7 (B[m[39;49mid,(B[m[39;49m[1m  0.0 (B[m[39;49mwa,(B[m[39;49m[1m  0.9 (B[m[39;49mhi,(B[m[39;49m[1m  0.(B[m[39;49m(B[m[39;49m[K
MiB Mem :(B[m[39;49m[1m  12193.1 (B[m[39;49mtotal,(B[m[39;49m[1m   7022.2 (B[m[39;49mfree,(B[m[39;49m[1m   4947.0 (B[m[39;49mused,(B[m[39;49m[1m    224.0 (B[m[39;49mb(B[m[39;49m(B[m[39;49m[K
MiB Swap:(B[m[39;49m[1m  30447.0 (B[m[39;49mtotal,(B[m[39;49m[1m  30321.9 (B[m[39;49mfree,(B[m[39;49m[1m    125.1 (B[m[39;49mused.(B[m[39;49m[1m   7115.5 (B[m[39;49ma(B[m[39;49m(B[m[39;49m[K
[K






[J[H(B[mtop - 21:06:20 up  1:44,  0 users,  load average: 0.52, 0.58, 0.59(B[m[39;49m(B[m[39;49m[K

%Cpu(s):(B[m[39;49m[1m  3.0 (B[m[39;49mus,(B[m[39;49m[1m  3.0 (B[m[39;49msy,(B[m[39;49m[1m  0.0 (B[m[39;49mni,(B[m[39;49m[1m 93.5 (B[m[39;49mid,(B[m[39;49m[1m  0.0 (B[m[39;49mwa,(B[m[39;49m[1m  0.5 (B[m[39;49mhi,(B[m[39;49m[1m  0.(B[m[39;49m(B[m[39;49m[K
MiB Mem :(B[m[39;49m[1m  12193.1 (B[m[39;49mtotal,(B[m[39;49m[1m   7022.1 (B[m[39;49mfree,(B[m[39;49m[1m   4947.0 (B[m[39;49mused,(B[m[39;49m[1m    224.0 (B[m[39;49mb(B[m[39;49m(B[m[39;49m[K

[K






[J[H(B[mtop - 21:06:23 up  1:44,  0 users,  load average: 0.52, 0.58, 0.59(B[m[39;49m(B[m[39;49m[K

%Cpu(s):(B[m[39;49m[1m  2.6 (B[m[39;49mus,(B[m[39;49m[1m  2.7 (B[m[39;49msy,(B[m[39;49m[1m  0.0 (B[m[39;49mni,(B[m[39;49m[1m 94.1 (B[m[39;49mid,(B[m[39;49m[1m  0.0 (B[m[39;49mwa,(B[m[39;49m[1m  0.7 (B[m[39;49mhi,(B[m[39;49m[1m  0.(B[m[39;49m(B[m[39;49m[K
MiB Mem :(B[m[39;49m[1m  12193.1 (B[m[39;49mtotal,(B[m[39;49m[1m   7021.4 (B[m[39;49mfree,(B[m[39;49m[1m   4947.8 (B[m[39;49mused,(B[m[39;49m[1m    224.0 (B[m[39;49mb(B[m[39;49m(B[m[39;49m[K
MiB Swap:(B[m[39;49m[1m  30447.0 (B[m[39;49mtotal,(B[m[39;49m[1m  30321.9 (B[m[39;49mfree,(B[m[39;49m[1m    125.1 (B[m[39;49mused.(B[m[39;49m[1m   7114.7 (B[m[39;49ma(B[m[39;49m(B[m[39;49m[K
[K






[J[H(B[mtop - 21:06:26 up  1:45,  0 users,  load average: 0.52, 0.58, 0.59(B[m[39;49m(B[m[39;49m[K

%Cpu(s):(B[m[39;49m[1m  7.0 (B[m[39;49mus,(B[m[39;49m[1m  5.5 (B[m[39;49msy,(B[m[39;49m[1m  0.0 (B[m[39;49mni,(B[m[39;49m[1m 86.5 (B[m[39;49mid,(B[m[39;49m[1m  0.0 (B[m[39;49mwa,(B[m[39;49m[1m  0.9 (B[m[39;49mhi,(B[m[39;49m[1m  0.(B[m[39;49m(B[m[39;49m[K
MiB Mem :(B[m[39;49m[1m  12193.1 (B[m[39;49mtotal,(B[m[39;49m[1m   6994.1 (B[m[39;49mfree,(B[m[39;49m[1m   4975.1 (B[m[39;49mused,(B[m[39;49m[1m    224.0 (B[m[39;49mb(B[m[39;49m(B[m[39;49m[K
MiB Swap:(B[m[39;49m[1m  30447.0 (B[m[39;49mtotal,(B[m[39;49m[1m  30321.9 (B[m[39;49mfree,(B[m[39;49m[1m    125.1 (B[m[39;49mused.(B[m[39;49m[1m   7087.5 (B[m[39;49ma(B[m[39;49m(B[m[39;49m[K
[K






[J[H(B[mtop - 21:06:29 up  1:45,  0 users,  load average: 0.52, 0.58, 0.59(B[m[39;49m(B[m[39;49m[K

%Cpu(s):(B[m[39;49m[1m  3.7 (B[m[39;49mus,(B[m[39;49m[1m  4.0 (B[m[39;49msy,(B[m[39;49m[1m  0.0 (B[m[39;49mni,(B[m[39;49m[1m 91.3 (B[m[39;49mid,(B[m[39;49m[1m  0.0 (B[m[39;49mwa,(B[m[39;49m[1m  0.9 (B[m[39;49mhi,(B[m[39;49m[1m  0.(B[m[39;49m(B[m[39;49m[K
MiB Mem :(B[m[39;49m[1m  12193.1 (B[m[39;49mtotal,(B[m[39;49m[1m   6977.4 (B[m[39;49mfree,(B[m[39;49m[1m   4991.8 (B[m[39;49mused,(B[m[39;49m[1m    224.0 (B[m[39;49mb(B[m[39;49m(B[m[39;49m[K
MiB Swap:(B[m[39;49m[1m  30447.0 (B[m[39;49mtotal,(B[m[39;49m[1m  30321.9 (B[m[39;49mfree,(B[m[39;49m[1m    125.1 (B[m[39;49mused.(B[m[39;49m[1m   7070.8 (B[m[39;49ma(B[m[39;49m(B[m[39;49m[K
[K






[J[H(B[mtop - 21:06:32 up  1:45,  0 users,  load average: 0.52, 0.58, 0.59(B[m[39;49m(B[m[39;49m[K

%Cpu(s):(B[m[39;49m[1m  3.7 (B[m[39;49mus,(B[m[39;49m[1m  2.2 (B[m[39;49msy,(B[m[39;49m[1m  0.0 (B[m[39;49mni,(B[m[39;49m[1m 93.6 (B[m[39;49mid,(B[m[39;49m[1m  0.0 (B[m[39;49mwa,(B[m[39;49m[1m  0.5 (B[m[39;49mhi,(B[m[39;49m[1m  0.(B[m[39;49m(B[m[39;49m[K
MiB Mem :(B[m[39;49m[1m  12193.1 (B[m[39;49mtotal,(B[m[39;49m[1m   6976.6 (B[m[39;49mfree,(B[m[39;49m[1m   4992.6 (B[m[39;49mused,(B[m[39;49m[1m    224.0 (B[m[39;49mb(B[m[39;49m(B[m[39;49m[K
MiB Swap:(B[m[39;49m[1m  30447.0 (B[m[39;49mtotal,(B[m[39;49m[1m  30321.9 (B[m[39;49mfree,(B[m[39;49m[1m    125.1 (B[m[39;49mused.(B[m[39;49m[1m   7070.0 (B[m[39;49ma(B[m[39;49m(B[m[39;49m[K
[K






[J[H(B[mtop - 21:06:35 up  1:45,  0 users,  load average: 0.52, 0.58, 0.59(B[m[39;49m(B[m[39;49m[K

%Cpu(s):(B[m[39;49m[1m  3.9 (B[m[39;49mus,(B[m[39;49m[1m  3.0 (B[m[39;49msy,(B[m[39;49m[1m  0.0 (B[m[39;49mni,(B[m[39;49m[1m 92.5 (B[m[39;49mid,(B[m[39;49m[1m  0.0 (B[m[39;49mwa,(B[m[39;49m[1m  0.6 (B[m[39;49mhi,(B[m[39;49m[1m  0.(B[m[39;49m(B[m[39;49m[K
MiB Mem :(B[m[39;49m[1m  12193.1 (B[m[39;49mtotal,(B[m[39;49m[1m   6987.5 (B[m[39;49mfree,(B[m[39;49m[1m   4981.6 (B[m[39;49mused,(B[m[39;49m[1m    224.0 (B[m[39;49mb(B[m[39;49m(B[m[39;49m[K
MiB Swap:(B[m[39;49m[1m  30447.0 (B[m[39;49mtotal,(B[m[39;49m[1m  30321.9 (B[m[39;49mfree,(B[m[39;49m[1m    125.1 (B[m[39;49mused.(B[m[39;49m[1m   7080.9 (B[m[39;49ma(B[m[39;49m(B[m[39;49m[K
[K






[J[H(B[mtop - 21:06:38 up  1:45,  0 users,  load average: 0.52, 0.58, 0.59(B[m[39;49m(B[m[39;49m[K

%Cpu(s):(B[m[39;49m[1m  4.0 (B[m[39;49mus,(B[m[39;49m[1m  3.8 (B[m[39;49msy,(B[m[39;49m[1m  0.0 (B[m[39;49mni,(B[m[39;49m[1m 91.6 (B[m[39;49mid,(B[m[39;49m[1m  0.0 (B[m[39;49mwa,(B[m[39;49m[1m  0.6 (B[m[39;49mhi,(B[m[39;49m[1m  0.(B[m[39;49m(B[m[39;49m[K
MiB Mem :(B[m[39;49m[1m  12193.1 (B[m[39;49mtotal,(B[m[39;49m[1m   6987.8 (B[m[39;49mfree,(B[m[39;49m[1m   4981.4 (B[m[39;49mused,(B[m[39;49m[1m    224.0 (B[m[39;49mb(B[m[39;49m(B[m[39;49m[K
MiB Swap:(B[m[39;49m[1m  30447.0 (B[m[39;49mtotal,(B[m[39;49m[1m  30321.9 (B[m[39;49mfree,(B[m[39;49m[1m    125.1 (B[m[39;49mused.(B[m[39;49m[1m   7081.2 (B[m[39;49ma(B[m[39;49m(B[m[39;49m[K
[K






[J[H(B[mtop - 21:06:41 up  1:45,  0 users,  load average: 0.52, 0.58, 0.59(B[m[39;49m(B[m[39;49m[K

%Cpu(s):(B[m[39;49m[1m  2.8 (B[m[39;49mus,(B[m[39;49m[1m  3.9 (B[m[39;49msy,(B[m[39;49m[1m  0.0 (B[m[39;49mni,(B[m[39;49m[1m 92.5 (B[m[39;49mid,(B[m[39;49m[1m  0.0 (B[m[39;49mwa,(B[m[39;49m[1m  0.8 (B[m[39;49mhi,(B[m[39;49m[1m  0.(B[m[39;49m(B[m[39;49m[K
MiB Mem :(B[m[39;49m[1m  12193.1 (B[m[39;49mtotal,(B[m[39;49m[1m   6994.8 (B[m[39;49mfree,(B[m[39;49m[1m   4974.3 (B[m[39;49mused,(B[m[39;49m[1m    224.0 (B[m[39;49mb(B[m[39;49m(B[m[39;49m[K
MiB Swap:(B[m[39;49m[1m  30447.0 (B[m[39;49mtotal,(B[m[39;49m[1m  30321.9 (B[m[39;49mfree,(B[m[39;49m[1m    125.1 (B[m[39;49mused.(B[m[39;49m[1m   7088.2 (B[m[39;49ma(B[m[39;49m(B[m[39;49m[K
[K






[J[H(B[mtop - 21:06:44 up  1:45,  0 users,  load average: 0.52, 0.58, 0.59(B[m[39;49m(B[m[39;49m[K

%Cpu(s):(B[m[39;49m[1m  5.3 (B[m[39;49mus,(B[m[39;49m[1m  2.5 (B[m[39;49msy,(B[m[39;49m[1m  0.0 (B[m[39;49mni,(B[m[39;49m[1m 91.6 (B[m[39;49mid,(B[m[39;49m[1m  0.0 (B[m[39;49mwa,(B[m[39;49m[1m  0.7 (B[m[39;49mhi,(B[m[39;49m[1m  0.(B[m[39;49m(B[m[39;49m[K
MiB Mem :(B[m[39;49m[1m  12193.1 (B[m[39;49mtotal,(B[m[39;49m[1m   7001.8 (B[m[39;49mfree,(B[m[39;49m[1m   4967.4 (B[m[39;49mused,(B[m[39;49m[1m    224.0 (B[m[39;49mb(B[m[39;49m(B[m[39;49m[K
MiB Swap:(B[m[39;49m[1m  30447.0 (B[m[39;49mtotal,(B[m[39;49m[1m  30321.9 (B[m[39;49mfree,(B[m[39;49m[1m    125.1 (B[m[39;49mused.(B[m[39;49m[1m   7095.2 (B[m[39;49ma(B[m[39;49m(B[m[39;49m[K
[K






[J[H(B[mtop - 21:06:47 up  1:45,  0 users,  load average: 0.52, 0.58, 0.59(B[m[39;49m(B[m[39;49m[K

%Cpu(s):(B[m[39;49m[1m  2.6 (B[m[39;49mus,(B[m[39;49m[1m  2.6 (B[m[39;49msy,(B[m[39;49m[1m  0.0 (B[m[39;49mni,(B[m[39;49m[1m 93.9 (B[m[39;49mid,(B[m[39;49m[1m  0.0 (B[m[39;49mwa,(B[m[39;49m[1m  1.0 (B[m[39;49mhi,(B[m[39;49m[1m  0.(B[m[39;49m(B[m[39;49m[K
MiB Mem :(B[m[39;49m[1m  12193.1 (B[m[39;49mtotal,(B[m[39;49m[1m   6995.3 (B[m[39;49mfree,(B[m[39;49m[1m   4973.9 (B[m[39;49mused,(B[m[39;49m[1m    224.0 (B[m[39;49mb(B[m[39;49m(B[m[39;49m[K
MiB Swap:(B[m[39;49m[1m  30447.0 (B[m[39;49mtotal,(B[m[39;49m[1m  30321.9 (B[m[39;49mfree,(B[m[39;49m[1m    125.1 (B[m[39;49mused.(B[m[39;49m[1m   7088.6 (B[m[39;49ma(B[m[39;49m(B[m[39;49m[K
[K






[J[H(B[mtop - 21:06:50 up  1:45,  0 users,  load average: 0.52, 0.58, 0.59(B[m[39;49m(B[m[39;49m[K

%Cpu(s):(B[m[39;49m[1m  3.9 (B[m[39;49mus,(B[m[39;49m[1m  3.1 (B[m[39;49msy,(B[m[39;49m[1m  0.0 (B[m[39;49mni,(B[m[39;49m[1m 92.6 (B[m[39;49mid,(B[m[39;49m[1m  0.0 (B[m[39;49mwa,(B[m[39;49m[1m  0.4 (B[m[39;49mhi,(B[m[39;49m[1m  0.(B[m[39;49m(B[m[39;49m[K
MiB Mem :(B[m[39;49m[1m  12193.1 (B[m[39;49mtotal,(B[m[39;49m[1m   6995.6 (B[m[39;49mfree,(B[m[39;49m[1m   4973.6 (B[m[39;49mused,(B[m[39;49m[1m    224.0 (B[m[39;49mb(B[m[39;49m(B[m[39;49m[K
MiB Swap:(B[m[39;49m[1m  30447.0 (B[m[39;49mtotal,(B[m[39;49m[1m  30321.9 (B[m[39;49mfree,(B[m[39;49m[1m    125.1 (B[m[39;49mused.(B[m[39;49m[1m   7089.0 (B[m[39;49ma(B[m[39;49m(B[m[39;49m[K
[K






[J[H(B[mtop - 21:06:53 up  1:45,  0 users,  load average: 0.52, 0.58, 0.59(B[m[39;49m(B[m[39;49m[K

%Cpu(s):(B[m[39;49m[1m  3.7 (B[m[39;49mus,(B[m[39;49m[1m  4.3 (B[m[39;49msy,(B[m[39;49m[1m  0.0 (B[m[39;49mni,(B[m[39;49m[1m 90.6 (B[m[39;49mid,(B[m[39;49m[1m  0.0 (B[m[39;49mwa,(B[m[39;49m[1m  1.4 (B[m[39;49mhi,(B[m[39;49m[1m  0.(B[m[39;49m(B[m[39;49m[K
MiB Mem :(B[m[39;49m[1m  12193.1 (B[m[39;49mtotal,(B[m[39;49m[1m   7004.3 (B[m[39;49mfree,(B[m[39;49m[1m   4964.9 (B[m[39;49mused,(B[m[39;49m[1m    224.0 (B[m[39;49mb(B[m[39;49m(B[m[39;49m[K
MiB Swap:(B[m[39;49m[1m  30447.0 (B[m[39;49mtotal,(B[m[39;49m[1m  30321.9 (B[m[39;49mfree,(B[m[39;49m[1m    125.1 (B[m[39;49mused.(B[m[39;49m[1m   7097.7 (B[m[39;49ma(B[m[39;49m(B[m[39;49m[K
[K






[J[H(B[mtop - 21:06:56 up  1:45,  0 users,  load average: 0.52, 0.58, 0.59(B[m[39;49m(B[m[39;49m[K

%Cpu(s):(B[m[39;49m[1m  2.1 (B[m[39;49mus,(B[m[39;49m[1m  3.0 (B[m[39;49msy,(B[m[39;49m[1m  0.0 (B[m[39;49mni,(B[m[39;49m[1m 94.4 (B[m[39;49mid,(B[m[39;49m[1m  0.0 (B[m[39;49mwa,(B[m[39;49m[1m  0.5 (B[m[39;49mhi,(B[m[39;49m[1m  0.(B[m[39;49m(B[m[39;49m[K
MiB Mem :(B[m[39;49m[1m  12193.1 (B[m[39;49mtotal,(B[m[39;49m[1m   7022.2 (B[m[39;49mfree,(B[m[39;49m[1m   4947.0 (B[m[39;49mused,(B[m[39;49m[1m    224.0 (B[m[39;49mb(B[m[39;49m(B[m[39;49m[K
MiB Swap:(B[m[39;49m[1m  30447.0 (B[m[39;49mtotal,(B[m[39;49m[1m  30321.9 (B[m[39;49mfree,(B[m[39;49m[1m    125.1 (B[m[39;49mused.(B[m[39;49m[1m   7115.6 (B[m[39;49ma(B[m[39;49m(B[m[39;49m[K
[K






[J[H(B[mtop - 21:06:59 up  1:45,  0 users,  load average: 0.52, 0.58, 0.59(B[m[39;49m(B[m[39;49m[K

%Cpu(s):(B[m[39;49m[1m  3.3 (B[m[39;49mus,(B[m[39;49m[1m  2.6 (B[m[39;49msy,(B[m[39;49m[1m  0.0 (B[m[39;49mni,(B[m[39;49m[1m 93.2 (B[m[39;49mid,(B[m[39;49m[1m  0.0 (B[m[39;49mwa,(B[m[39;49m[1m  0.8 (B[m[39;49mhi,(B[m[39;49m[1m  0.(B[m[39;49m(B[m[39;49m[K
MiB Mem :(B[m[39;49m[1m  12193.1 (B[m[39;49mtotal,(B[m[39;49m[1m   7023.7 (B[m[39;49mfree,(B[m[39;49m[1m   4945.5 (B[m[39;49mused,(B[m[39;49m[1m    224.0 (B[m[39;49mb(B[m[39;49m(B[m[39;49m[K
MiB Swap:(B[m[39;49m[1m  30447.0 (B[m[39;49mtotal,(B[m[39;49m[1m  30321.9 (B[m[39;49mfree,(B[m[39;49m[1m    125.1 (B[m[39;49mused.(B[m[39;49m[1m   7117.0 (B[m[39;49ma(B[m[39;49m(B[m[39;49m[K
[K






[J[H(B[mtop - 21:07:02 up  1:45,  0 users,  load average: 0.52, 0.58, 0.59(B[m[39;49m(B[m[39;49m[K

%Cpu(s):(B[m[39;49m[1m  5.1 (B[m[39;49mus,(B[m[39;49m[1m  3.0 (B[m[39;49msy,(B[m[39;49m[1m  0.0 (B[m[39;49mni,(B[m[39;49m[1m 91.4 (B[m[39;49mid,(B[m[39;49m[1m  0.0 (B[m[39;49mwa,(B[m[39;49m[1m  0.6 (B[m[39;49mhi,(B[m[39;49m[1m  0.(B[m[39;49m(B[m[39;49m[K
MiB Mem :(B[m[39;49m[1m  12193.1 (B[m[39;49mtotal,(B[m[39;49m[1m   7017.9 (B[m[39;49mfree,(B[m[39;49m[1m   4951.3 (B[m[39;49mused,(B[m[39;49m[1m    224.0 (B[m[39;49mb(B[m[39;49m(B[m[39;49m[K
MiB Swap:(B[m[39;49m[1m  30447.0 (B[m[39;49mtotal,(B[m[39;49m[1m  30321.9 (B[m[39;49mfree,(B[m[39;49m[1m    125.1 (B[m[39;49mused.(B[m[39;49m[1m   7111.3 (B[m[39;49ma(B[m[39;49m(B[m[39;49m[K
[K






[J[H(B[mtop - 21:07:05 up  1:45,  0 users,  load average: 0.52, 0.58, 0.59(B[m[39;49m(B[m[39;49m[K

%Cpu(s):(B[m[39;49m[1m  5.0 (B[m[39;49mus,(B[m[39;49m[1m  2.5 (B[m[39;49msy,(B[m[39;49m[1m  0.0 (B[m[39;49mni,(B[m[39;49m[1m 91.8 (B[m[39;49mid,(B[m[39;49m[1m  0.0 (B[m[39;49mwa,(B[m[39;49m[1m  0.7 (B[m[39;49mhi,(B[m[39;49m[1m  0.(B[m[39;49m(B[m[39;49m[K
MiB Mem :(B[m[39;49m[1m  12193.1 (B[m[39;49mtotal,(B[m[39;49m[1m   7017.5 (B[m[39;49mfree,(B[m[39;49m[1m   4951.7 (B[m[39;49mused,(B[m[39;49m[1m    224.0 (B[m[39;49mb(B[m[39;49m(B[m[39;49m[K
MiB Swap:(B[m[39;49m[1m  30447.0 (B[m[39;49mtotal,(B[m[39;49m[1m  30321.9 (B[m[39;49mfree,(B[m[39;49m[1m    125.1 (B[m[39;49mused.(B[m[39;49m[1m   7110.9 (B[m[39;49ma(B[m[39;49m(B[m[39;49m[K
[K






[J[H(B[mtop - 21:07:08 up  1:45,  0 users,  load average: 0.52, 0.58, 0.59(B[m[39;49m(B[m[39;49m[K

%Cpu(s):(B[m[39;49m[1m  4.0 (B[m[39;49mus,(B[m[39;49m[1m  4.1 (B[m[39;49msy,(B[m[39;49m[1m  0.0 (B[m[39;49mni,(B[m[39;49m[1m 91.0 (B[m[39;49mid,(B[m[39;49m[1m  0.0 (B[m[39;49mwa,(B[m[39;49m[1m  0.8 (B[m[39;49mhi,(B[m[39;49m[1m  0.(B[m[39;49m(B[m[39;49m[K
MiB Mem :(B[m[39;49m[1m  12193.1 (B[m[39;49mtotal,(B[m[39;49m[1m   7015.2 (B[m[39;49mfree,(B[m[39;49m[1m   4954.0 (B[m[39;49mused,(B[m[39;49m[1m    224.0 (B[m[39;49mb(B[m[39;49m(B[m[39;49m[K
MiB Swap:(B[m[39;49m[1m  30447.0 (B[m[39;49mtotal,(B[m[39;49m[1m  30321.9 (B[m[39;49mfree,(B[m[39;49m[1m    125.1 (B[m[39;49mused.(B[m[39;49m[1m   7108.6 (B[m[39;49ma(B[m[39;49m(B[m[39;49m[K
[K






[J[H(B[mtop - 21:07:11 up  1:45,  0 users,  load average: 0.52, 0.58, 0.59(B[m[39;49m(B[m[39;49m[K

%Cpu(s):(B[m[39;49m[1m  5.6 (B[m[39;49mus,(B[m[39;49m[1m  4.8 (B[m[39;49msy,(B[m[39;49m[1m  0.0 (B[m[39;49mni,(B[m[39;49m[1m 88.4 (B[m[39;49mid,(B[m[39;49m[1m  0.0 (B[m[39;49mwa,(B[m[39;49m[1m  1.2 (B[m[39;49mhi,(B[m[39;49m[1m  0.(B[m[39;49m(B[m[39;49m[K
MiB Mem :(B[m[39;49m[1m  12193.1 (B[m[39;49mtotal,(B[m[39;49m[1m   7020.4 (B[m[39;49mfree,(B[m[39;49m[1m   4948.8 (B[m[39;49mused,(B[m[39;49m[1m    224.0 (B[m[39;49mb(B[m[39;49m(B[m[39;49m[K
MiB Swap:(B[m[39;49m[1m  30447.0 (B[m[39;49mtotal,(B[m[39;49m[1m  30321.9 (B[m[39;49mfree,(B[m[39;49m[1m    125.1 (B[m[39;49mused.(B[m[39;49m[1m   7113.8 (B[m[39;49ma(B[m[39;49m(B[m[39;49m[K
[K






[J[H(B[mtop - 21:07:14 up  1:45,  0 users,  load average: 0.52, 0.58, 0.59(B[m[39;49m(B[m[39;49m[K

%Cpu(s):(B[m[39;49m[1m  3.2 (B[m[39;49mus,(B[m[39;49m[1m  2.0 (B[m[39;49msy,(B[m[39;49m[1m  0.0 (B[m[39;49mni,(B[m[39;49m[1m 94.4 (B[m[39;49mid,(B[m[39;49m[1m  0.0 (B[m[39;49mwa,(B[m[39;49m[1m  0.4 (B[m[39;49mhi,(B[m[39;49m[1m  0.(B[m[39;49m(B[m[39;49m[K
MiB Mem :(B[m[39;49m[1m  12193.1 (B[m[39;49mtotal,(B[m[39;49m[1m   7026.4 (B[m[39;49mfree,(B[m[39;49m[1m   4942.8 (B[m[39;49mused,(B[m[39;49m[1m    224.0 (B[m[39;49mb(B[m[39;49m(B[m[39;49m[K
MiB Swap:(B[m[39;49m[1m  30447.0 (B[m[39;49mtotal,(B[m[39;49m[1m  30321.9 (B[m[39;49mfree,(B[m[39;49m[1m    125.1 (B[m[39;49mused.(B[m[39;49m[1m   7119.8 (B[m[39;49ma(B[m[39;49m(B[m[39;49m[K
[K






[J[H(B[mtop - 21:07:17 up  1:45,  0 users,  load average: 0.52, 0.58, 0.59(B[m[39;49m(B[m[39;49m[K

%Cpu(s):(B[m[39;49m[1m  3.2 (B[m[39;49mus,(B[m[39;49m[1m  2.4 (B[m[39;49msy,(B[m[39;49m[1m  0.0 (B[m[39;49mni,(B[m[39;49m[1m 93.6 (B[m[39;49mid,(B[m[39;49m[1m  0.0 (B[m[39;49mwa,(B[m[39;49m[1m  0.7 (B[m[39;49mhi,(B[m[39;49m[1m  0.(B[m[39;49m(B[m[39;49m[K
MiB Mem :(B[m[39;49m[1m  12193.1 (B[m[39;49mtotal,(B[m[39;49m[1m   7028.1 (B[m[39;49mfree,(B[m[39;49m[1m   4941.0 (B[m[39;49mused,(B[m[39;49m[1m    224.0 (B[m[39;49mb(B[m[39;49m(B[m[39;49m[K
MiB Swap:(B[m[39;49m[1m  30447.0 (B[m[39;49mtotal,(B[m[39;49m[1m  30321.9 (B[m[39;49mfree,(B[m[39;49m[1m    125.1 (B[m[39;49mused.(B[m[39;49m[1m   7121.5 (B[m[39;49ma(B[m[39;49m(B[m[39;49m[K
[K






[J[H(B[mtop - 21:07:20 up  1:45,  0 users,  load average: 0.52, 0.58, 0.59(B[m[39;49m(B[m[39;49m[K

%Cpu(s):(B[m[39;49m[1m  4.0 (B[m[39;49mus,(B[m[39;49m[1m  2.7 (B[m[39;49msy,(B[m[39;49m[1m  0.0 (B[m[39;49mni,(B[m[39;49m[1m 92.4 (B[m[39;49mid,(B[m[39;49m[1m  0.0 (B[m[39;49mwa,(B[m[39;49m[1m  0.8 (B[m[39;49mhi,(B[m[39;49m[1m  0.(B[m[39;49m(B[m[39;49m[K
MiB Mem :(B[m[39;49m[1m  12193.1 (B[m[39;49mtotal,(B[m[39;49m[1m   7027.7 (B[m[39;49mfree,(B[m[39;49m[1m   4941.5 (B[m[39;49mused,(B[m[39;49m[1m    224.0 (B[m[39;49mb(B[m[39;49m(B[m[39;49m[K
MiB Swap:(B[m[39;49m[1m  30447.0 (B[m[39;49mtotal,(B[m[39;49m[1m  30321.9 (B[m[39;49mfree,(B[m[39;49m[1m    125.1 (B[m[39;49mused.(B[m[39;49m[1m   7121.0 (B[m[39;49ma(B[m[39;49m(B[m[39;49m[K
[K






[J[H(B[mtop - 21:07:23 up  1:45,  0 users,  load average: 0.52, 0.58, 0.59(B[m[39;49m(B[m[39;49m[K

%Cpu(s):(B[m[39;49m[1m  3.7 (B[m[39;49mus,(B[m[39;49m[1m  3.6 (B[m[39;49msy,(B[m[39;49m[1m  0.0 (B[m[39;49mni,(B[m[39;49m[1m 92.1 (B[m[39;49mid,(B[m[39;49m[1m  0.0 (B[m[39;49mwa,(B[m[39;49m[1m  0.6 (B[m[39;49mhi,(B[m[39;49m[1m  0.(B[m[39;49m(B[m[39;49m[K
MiB Mem :(B[m[39;49m[1m  12193.1 (B[m[39;49mtotal,(B[m[39;49m[1m   7028.0 (B[m[39;49mfree,(B[m[39;49m[1m   4941.2 (B[m[39;49mused,(B[m[39;49m[1m    224.0 (B[m[39;49mb(B[m[39;49m(B[m[39;49m[K
MiB Swap:(B[m[39;49m[1m  30447.0 (B[m[39;49mtotal,(B[m[39;49m[1m  30321.9 (B[m[39;49mfree,(B[m[39;49m[1m    125.1 (B[m[39;49mused.(B[m[39;49m[1m   7121.3 (B[m[39;49ma(B[m[39;49m(B[m[39;49m[K
[K






[J[H(B[mtop - 21:07:26 up  1:46,  0 users,  load average: 0.52, 0.58, 0.59(B[m[39;49m(B[m[39;49m[K

%Cpu(s):(B[m[39;49m[1m  5.0 (B[m[39;49mus,(B[m[39;49m[1m  3.1 (B[m[39;49msy,(B[m[39;49m[1m  0.0 (B[m[39;49mni,(B[m[39;49m[1m 91.2 (B[m[39;49mid,(B[m[39;49m[1m  0.0 (B[m[39;49mwa,(B[m[39;49m[1m  0.6 (B[m[39;49mhi,(B[m[39;49m[1m  0.(B[m[39;49m(B[m[39;49m[K
MiB Mem :(B[m[39;49m[1m  12193.1 (B[m[39;49mtotal,(B[m[39;49m[1m   7016.6 (B[m[39;49mfree,(B[m[39;49m[1m   4952.6 (B[m[39;49mused,(B[m[39;49m[1m    224.0 (B[m[39;49mb(B[m[39;49m(B[m[39;49m[K
MiB Swap:(B[m[39;49m[1m  30447.0 (B[m[39;49mtotal,(B[m[39;49m[1m  30321.9 (B[m[39;49mfree,(B[m[39;49m[1m    125.1 (B[m[39;49mused.(B[m[39;49m[1m   7110.0 (B[m[39;49ma(B[m[39;49m(B[m[39;49m[K
[K






[J[H(B[mtop - 21:07:29 up  1:46,  0 users,  load average: 0.52, 0.58, 0.59(B[m[39;49m(B[m[39;49m[K

%Cpu(s):(B[m[39;49m[1m  4.7 (B[m[39;49mus,(B[m[39;49m[1m  4.4 (B[m[39;49msy,(B[m[39;49m[1m  0.0 (B[m[39;49mni,(B[m[39;49m[1m 89.6 (B[m[39;49mid,(B[m[39;49m[1m  0.0 (B[m[39;49mwa,(B[m[39;49m[1m  1.4 (B[m[39;49mhi,(B[m[39;49m[1m  0.(B[m[39;49m(B[m[39;49m[K
MiB Mem :(B[m[39;49m[1m  12193.1 (B[m[39;49mtotal,(B[m[39;49m[1m   7017.3 (B[m[39;49mfree,(B[m[39;49m[1m   4951.8 (B[m[39;49mused,(B[m[39;49m[1m    224.0 (B[m[39;49mb(B[m[39;49m(B[m[39;49m[K
MiB Swap:(B[m[39;49m[1m  30447.0 (B[m[39;49mtotal,(B[m[39;49m[1m  30321.9 (B[m[39;49mfree,(B[m[39;49m[1m    125.1 (B[m[39;49mused.(B[m[39;49m[1m   7110.7 (B[m[39;49ma(B[m[39;49m(B[m[39;49m[K
[K






[J[H(B[mtop - 21:07:32 up  1:46,  0 users,  load average: 0.52, 0.58, 0.59(B[m[39;49m(B[m[39;49m[K

%Cpu(s):(B[m[39;49m[1m  3.5 (B[m[39;49mus,(B[m[39;49m[1m  3.6 (B[m[39;49msy,(B[m[39;49m[1m  0.0 (B[m[39;49mni,(B[m[39;49m[1m 92.2 (B[m[39;49mid,(B[m[39;49m[1m  0.0 (B[m[39;49mwa,(B[m[39;49m[1m  0.7 (B[m[39;49mhi,(B[m[39;49m[1m  0.(B[m[39;49m(B[m[39;49m[K
MiB Mem :(B[m[39;49m[1m  12193.1 (B[m[39;49mtotal,(B[m[39;49m[1m   7025.8 (B[m[39;49mfree,(B[m[39;49m[1m   4943.3 (B[m[39;49mused,(B[m[39;49m[1m    224.0 (B[m[39;49mb(B[m[39;49m(B[m[39;49m[K
MiB Swap:(B[m[39;49m[1m  30447.0 (B[m[39;49mtotal,(B[m[39;49m[1m  30321.9 (B[m[39;49mfree,(B[m[39;49m[1m    125.1 (B[m[39;49mused.(B[m[39;49m[1m   7119.2 (B[m[39;49ma(B[m[39;49m(B[m[39;49m[K
[K

(B[m[1m 4726 zuricato  20   0   18932   2156   1528 R   0.7   0.0 (B[m[39;49m[K
(B[m    1 root      20   0    8940    316    272 S   0.0   0.0 (B[m[39;49m[K
(B[m    7 root      20   0    8940    228    184 S   0.0   0.0 (B[m[39;49m[K
(B[m    8 zuricato  20   0   19428   5072   4964 S   0.0   0.0 (B[m[39;49m[K
(B[m 4698 zuricato  20   0   17384   3172   1492 T   0.0   0.0 (B[m[39;49m[K
[J[H(B[mtop - 21:07:35 up  1:46,  0 users,  load average: 0.52, 0.58, 0.59(B[m[39;49m(B[m[39;49m[K

%Cpu(s):(B[m[39;49m[1m  4.9 (B[m[39;49mus,(B[m[39;49m[1m  2.7 (B[m[39;49msy,(B[m[39;49m[1m  0.0 (B[m[39;49mni,(B[m[39;49m[1m 92.0 (B[m[39;49mid,(B[m[39;49m[1m  0.0 (B[m[39;49mwa,(B[m[39;49m[1m  0.3 (B[m[39;49mhi,(B[m[39;49m[1m  0.(B[m[39;49m(B[m[39;49m[K
MiB Mem :(B[m[39;49m[1m  12193.1 (B[m[39;49mtotal,(B[m[39;49m[1m   7038.4 (B[m[39;49mfree,(B[m[39;49m[1m   4930.8 (B[m[39;49mused,(B[m[39;49m[1m    224.0 (B[m[39;49mb(B[m[39;49m(B[m[39;49m[K
MiB Swap:(B[m[39;49m[1m  30447.0 (B[m[39;49mtotal,(B[m[39;49m[1m  30321.9 (B[m[39;49mfree,(B[m[39;49m[1m    125.1 (B[m[39;49mused.(B[m[39;49m[1m   7131.8 (B[m[39;49ma(B[m[39;49m(B[m[39;49m[K
[K

(B[m    1 root      20   0    8940    316    272 S   0.0   0.0 (B[m[39;49m[K
(B[m    7 root      20   0    8940    228    184 S   0.0   0.0 (B[m[39;49m[K
(B[m    8 zuricato  20   0   19428   5072   4964 S   0.0   0.0 (B[m[39;49m[K
(B[m 4698 zuricato  20   0   17384   3172   1492 T   0.0   0.0 (B[m[39;49m[K
(B[m[1m 4726 zuricato  20   0   18932   2156   1528 R   0.0   0.0 (B[m[39;49m[K
[J[H(B[mtop - 21:07:38 up  1:46,  0 users,  load average: 0.52, 0.58, 0.59(B[m[39;49m(B[m[39;49m[K

%Cpu(s):(B[m[39;49m[1m  3.7 (B[m[39;49mus,(B[m[39;49m[1m  2.7 (B[m[39;49msy,(B[m[39;49m[1m  0.0 (B[m[39;49mni,(B[m[39;49m[1m 92.9 (B[m[39;49mid,(B[m[39;49m[1m  0.0 (B[m[39;49mwa,(B[m[39;49m[1m  0.6 (B[m[39;49mhi,(B[m[39;49m[1m  0.(B[m[39;49m(B[m[39;49m[K
MiB Mem :(B[m[39;49m[1m  12193.1 (B[m[39;49mtotal,(B[m[39;49m[1m   7033.7 (B[m[39;49mfree,(B[m[39;49m[1m   4935.5 (B[m[39;49mused,(B[m[39;49m[1m    224.0 (B[m[39;49mb(B[m[39;49m(B[m[39;49m[K
MiB Swap:(B[m[39;49m[1m  30447.0 (B[m[39;49mtotal,(B[m[39;49m[1m  30321.9 (B[m[39;49mfree,(B[m[39;49m[1m    125.1 (B[m[39;49mused.(B[m[39;49m[1m   7127.1 (B[m[39;49ma(B[m[39;49m(B[m[39;49m[K
[K






[J[H(B[mtop - 21:07:41 up  1:46,  0 users,  load average: 0.52, 0.58, 0.59(B[m[39;49m(B[m[39;49m[K

%Cpu(s):(B[m[39;49m[1m  5.2 (B[m[39;49mus,(B[m[39;49m[1m  2.9 (B[m[39;49msy,(B[m[39;49m[1m  0.0 (B[m[39;49mni,(B[m[39;49m[1m 91.5 (B[m[39;49mid,(B[m[39;49m[1m  0.0 (B[m[39;49mwa,(B[m[39;49m[1m  0.3 (B[m[39;49mhi,(B[m[39;49m[1m  0.(B[m[39;49m(B[m[39;49m[K
MiB Mem :(B[m[39;49m[1m  12193.1 (B[m[39;49mtotal,(B[m[39;49m[1m   7032.6 (B[m[39;49mfree,(B[m[39;49m[1m   4936.6 (B[m[39;49mused,(B[m[39;49m[1m    224.0 (B[m[39;49mb(B[m[39;49m(B[m[39;49m[K
MiB Swap:(B[m[39;49m[1m  30447.0 (B[m[39;49mtotal,(B[m[39;49m[1m  30321.9 (B[m[39;49mfree,(B[m[39;49m[1m    125.1 (B[m[39;49mused.(B[m[39;49m[1m   7126.0 (B[m[39;49ma(B[m[39;49m(B[m[39;49m[K
[K






[J[?25l[H(B[mtop - 21:07:43 up  1:46,  0 users,  load average: 0.52, 0.58, 0.59(B[m[39;49m(B[m[39;49m[K
Tasks:(B[m[39;49m[1m   5 (B[m[39;49mtotal,(B[m[39;49m[1m   1 (B[m[39;49mrunning,(B[m[39;49m[1m   3 (B[m[39;49msleeping,(B[m[39;49m[1m   1 (B[m[39;49mstopped,(B[m[39;49m[1m   0 (B[m[39;49mzomb(B[m[39;49m(B[m[39;49m[K
%Cpu(s):(B[m[39;49m[1m  4.2 (B[m[39;49mus,(B[m[39;49m[1m  6.6 (B[m[39;49msy,(B[m[39;49m[1m  0.0 (B[m[39;49mni,(B[m[39;49m[1m 88.0 (B[m[39;49mid,(B[m[39;49m[1m  0.0 (B[m[39;49mwa,(B[m[39;49m[1m  1.1 (B[m[39;49mhi,(B[m[39;49m[1m  0.(B[m[39;49m(B[m[39;49m[K
MiB Mem :(B[m[39;49m[1m  12193.1 (B[m[39;49mtotal,(B[m[39;49m[1m   7014.3 (B[m[39;49mfree,(B[m[39;49m[1m   4954.9 (B[m[39;49mused,(B[m[39;49m[1m    224.0 (B[m[39;49mb(B[m[39;49m(B[m[39;49m[K
MiB Swap:(B[m[39;49m[1m  30447.0 (B[m[39;49mtotal,(B[m[39;49m[1m  30321.9 (B[m[39;49mfree,(B[m[39;49m[1m    125.1 (B[m[39;49mused.(B[m[39;49m[1m   7107.7 (B[m[39;49ma(B[m[39;49m(B[m[39;49m[K
[K
[7m  PID USER      PR  NI    VIRT    RES    SHR S  %CPU  %MEM (B[m[39;49m[K
(B[m    1 root      20   0    8940    316    272 S   0.0   0.0 (B[m[39;49m[K
(B[m    7 root      20   0    8940    228    184 S   0.0   0.0 (B[m[39;49m[K
(B[m    8 zuricato  20   0   19428   5072   4964 S   0.0   0.0 (B[m[39;49m[K
(B[m 4698 zuricato  20   0   17384   3172   1492 T   0.0   0.0 (B[m[39;49m[K
(B[m[1m 4726 zuricato  20   0   18932   2160   1532 R   0.0   0.0 (B[m[39;49m[K
[J[?25l[H(B[mtop - 21:07:43 up  1:46,  0 users,  load average: 0.52, 0.58, 0.59(B[m[39;49m(B[m[39;49m[K
Tasks:(B[m[39;49m[1m   5 (B[m[39;49mtotal,(B[m[39;49m[1m   1 (B[m[39;49mrunning,(B[m[39;49m[1m   3 (B[m[39;49msleeping,(B[m[39;49m[1m   1 (B[m[39;49mstopped,(B[m[39;49m[1m   0 (B[m[39;49mzomb(B[m[39;49m(B[m[39;49m[K
%Cpu(s):(B[m[39;49m[1m  2.8 (B[m[39;49mus,(B[m[39;49m[1m  2.8 (B[m[39;49msy,(B[m[39;49m[1m  0.0 (B[m[39;49mni,(B[m[39;49m[1m 93.2 (B[m[39;49mid,(B[m[39;49m[1m  0.0 (B[m[39;49mwa,(B[m[39;49m[1m  1.1 (B[m[39;49mhi,(B[m[39;49m[1m  0.(B[m[39;49m(B[m[39;49m[K
MiB Mem :(B[m[39;49m[1m  12193.1 (B[m[39;49mtotal,(B[m[39;49m[1m   7014.3 (B[m[39;49mfree,(B[m[39;49m[1m   4954.9 (B[m[39;49mused,(B[m[39;49m[1m    224.0 (B[m[39;49mb(B[m[39;49m(B[m[39;49m[K
MiB Swap:(B[m[39;49m[1m  30447.0 (B[m[39;49mtotal,(B[m[39;49m[1m  30321.9 (B[m[39;49mfree,(B[m[39;49m[1m    125.1 (B[m[39;49mused.(B[m[39;49m[1m   7107.7 (B[m[39;49ma(B[m[39;49m(B[m[39;49m[K
[K
[7m  PID USER      PR  NI    VIRT    RES    SHR S  %CPU  %MEM (B[m[39;49m[K
(B[m    1 root      20   0    8940    316    272 S   0.0   0.0 (B[m[39;49m[K
(B[m    7 root      20   0    8940    228    184 S   0.0   0.0 (B[m[39;49m[K
(B[m    8 zuricato  20   0   19428   5072   4964 S   0.0   0.0 (B[m[39;49m[K
(B[m 4698 zuricato  20   0   17384   3172   1492 T   0.0   0.0 (B[m[39;49m[K
(B[m[1m 4726 zuricato  20   0   18932   2160   1532 R   0.0   0.0 (B[m[39;49m[K
[J[?25l[H(B[mtop - 21:07:44 up  1:46,  0 users,  load average: 0.52, 0.58, 0.59(B[m[39;49m(B[m[39;49m[K
Tasks:(B[m[39;49m[1m   5 (B[m[39;49mtotal,(B[m[39;49m[1m   1 (B[m[39;49mrunning,(B[m[39;49m[1m   3 (B[m[39;49msleeping,(B[m[39;49m[1m   1 (B[m[39;49mstopped,(B[m[39;49m[1m   0 (B[m[39;49mzomb(B[m[39;49m(B[m[39;49m[K
%Cpu(s):(B[m[39;49m[1m  1.9 (B[m[39;49mus,(B[m[39;49m[1m  6.2 (B[m[39;49msy,(B[m[39;49m[1m  0.0 (B[m[39;49mni,(B[m[39;49m[1m 90.0 (B[m[39;49mid,(B[m[39;49m[1m  0.0 (B[m[39;49mwa,(B[m[39;49m[1m  1.9 (B[m[39;49mhi,(B[m[39;49m[1m  0.(B[m[39;49m(B[m[39;49m[K
MiB Mem :(B[m[39;49m[1m  12193.1 (B[m[39;49mtotal,(B[m[39;49m[1m   7020.8 (B[m[39;49mfree,(B[m[39;49m[1m   4948.3 (B[m[39;49mused,(B[m[39;49m[1m    224.0 (B[m[39;49mb(B[m[39;49m(B[m[39;49m[K
MiB Swap:(B[m[39;49m[1m  30447.0 (B[m[39;49mtotal,(B[m[39;49m[1m  30321.9 (B[m[39;49mfree,(B[m[39;49m[1m    125.1 (B[m[39;49mused.(B[m[39;49m[1m   7114.2 (B[m[39;49ma(B[m[39;49m(B[m[39;49m[K
[K
[7m  PID USER      PR  NI    VIRT    RES    SHR S  %CPU  %MEM (B[m[39;49m[K
(B[m    1 root      20   0    8940    316    272 S   0.0   0.0 (B[m[39;49m[K
(B[m    7 root      20   0    8940    228    184 S   0.0   0.0 (B[m[39;49m[K
(B[m    8 zuricato  20   0   19428   5072   4964 S   0.0   0.0 (B[m[39;49m[K
(B[m 4698 zuricato  20   0   17384   3172   1492 T   0.0   0.0 (B[m[39;49m[K
(B[m[1m 4726 zuricato  20   0   18932   2160   1532 R   0.0   0.0 (B[m[39;49m[K
[J[?25l[H(B[mtop - 21:07:44 up  1:46,  0 users,  load average: 0.52, 0.58, 0.59(B[m[39;49m(B[m[39;49m[K
Tasks:(B[m[39;49m[1m   5 (B[m[39;49mtotal,(B[m[39;49m[1m   1 (B[m[39;49mrunning,(B[m[39;49m[1m   3 (B[m[39;49msleeping,(B[m[39;49m[1m   1 (B[m[39;49mstopped,(B[m[39;49m[1m   0 (B[m[39;49mzomb(B[m[39;49m(B[m[39;49m[K
%Cpu(s):(B[m[39;49m[1m  9.8 (B[m[39;49mus,(B[m[39;49m[1m  0.0 (B[m[39;49msy,(B[m[39;49m[1m  0.0 (B[m[39;49mni,(B[m[39;49m[1m 90.2 (B[m[39;49mid,(B[m[39;49m[1m  0.0 (B[m[39;49mwa,(B[m[39;49m[1m  0.0 (B[m[39;49mhi,(B[m[39;49m[1m  0.(B[m[39;49m(B[m[39;49m[K
MiB Mem :(B[m[39;49m[1m  12193.1 (B[m[39;49mtotal,(B[m[39;49m[1m   7024.0 (B[m[39;49mfree,(B[m[39;49m[1m   4945.2 (B[m[39;49mused,(B[m[39;49m[1m    224.0 (B[m[39;49mb(B[m[39;49m(B[m[39;49m[K
MiB Swap:(B[m[39;49m[1m  30447.0 (B[m[39;49mtotal,(B[m[39;49m[1m  30321.9 (B[m[39;49mfree,(B[m[39;49m[1m    125.1 (B[m[39;49mused.(B[m[39;49m[1m   7117.3 (B[m[39;49ma(B[m[39;49m(B[m[39;49m[K
[K
[7m  PID USER      PR  NI    VIRT    RES    SHR S  %CPU  %MEM (B[m[39;49m[K
(B[m    1 root      20   0    8940    316    272 S   0.0   0.0 (B[m[39;49m[K
(B[m    7 root      20   0    8940    228    184 S   0.0   0.0 (B[m[39;49m[K
(B[m    8 zuricato  20   0   19428   5072   4964 S   0.0   0.0 (B[m[39;49m[K
(B[m 4698 zuricato  20   0   17384   3172   1492 T   0.0   0.0 (B[m[39;49m[K
(B[m[1m 4726 zuricato  20   0   18932   2160   1532 R   0.0   0.0 (B[m[39;49m[K
[J[?25l[H(B[mtop - 21:07:44 up  1:46,  0 users,  load average: 0.52, 0.58, 0.59(B[m[39;49m(B[m[39;49m[K
Tasks:(B[m[39;49m[1m   5 (B[m[39;49mtotal,(B[m[39;49m[1m   1 (B[m[39;49mrunning,(B[m[39;49m[1m   3 (B[m[39;49msleeping,(B[m[39;49m[1m   1 (B[m[39;49mstopped,(B[m[39;49m[1m   0 (B[m[39;49mzomb(B[m[39;49m(B[m[39;49m[K
%Cpu(s):(B[m[39;49m[1m  5.2 (B[m[39;49mus,(B[m[39;49m[1m  1.7 (B[m[39;49msy,(B[m[39;49m[1m  0.0 (B[m[39;49mni,(B[m[39;49m[1m 93.1 (B[m[39;49mid,(B[m[39;49m[1m  0.0 (B[m[39;49mwa,(B[m[39;49m[1m  0.0 (B[m[39;49mhi,(B[m[39;49m[1m  0.(B[m[39;49m(B[m[39;49m[K
MiB Mem :(B[m[39;49m[1m  12193.1 (B[m[39;49mtotal,(B[m[39;49m[1m   7015.5 (B[m[39;49mfree,(B[m[39;49m[1m   4953.7 (B[m[39;49mused,(B[m[39;49m[1m    224.0 (B[m[39;49mb(B[m[39;49m(B[m[39;49m[K
MiB Swap:(B[m[39;49m[1m  30447.0 (B[m[39;49mtotal,(B[m[39;49m[1m  30321.9 (B[m[39;49mfree,(B[m[39;49m[1m    125.1 (B[m[39;49mused.(B[m[39;49m[1m   7108.9 (B[m[39;49ma(B[m[39;49m(B[m[39;49m[K
[K
[7m  PID USER      PR  NI    VIRT    RES    SHR S  %CPU  %MEM (B[m[39;49m[K
(B[m[1m 4726 zuricato  20   0   18932   2160   1532 R 100.0   0.0 (B[m[39;49m[K
(B[m    1 root      20   0    8940    316    272 S   0.0   0.0 (B[m[39;49m[K
(B[m    7 root      20   0    8940    228    184 S   0.0   0.0 (B[m[39;49m[K
(B[m    8 zuricato  20   0   19428   5072   4964 S   0.0   0.0 (B[m[39;49m[K
(B[m 4698 zuricato  20   0   17384   3172   1492 T   0.0   0.0 (B[m[39;49m[K
[J[H(B[mtop - 21:07:47 up  1:46,  0 users,  load average: 0.52, 0.58, 0.59(B[m[39;49m(B[m[39;49m[K

%Cpu(s):(B[m[39;49m[1m  6.1 (B[m[39;49mus,(B[m[39;49m[1m  2.8 (B[m[39;49msy,(B[m[39;49m[1m  0.0 (B[m[39;49mni,(B[m[39;49m[1m 90.6 (B[m[39;49mid,(B[m[39;49m[1m  0.0 (B[m[39;49mwa,(B[m[39;49m[1m  0.4 (B[m[39;49mhi,(B[m[39;49m[1m  0.(B[m[39;49m(B[m[39;49m[K
MiB Mem :(B[m[39;49m[1m  12193.1 (B[m[39;49mtotal,(B[m[39;49m[1m   7018.0 (B[m[39;49mfree,(B[m[39;49m[1m   4951.2 (B[m[39;49mused,(B[m[39;49m[1m    224.0 (B[m[39;49mb(B[m[39;49m(B[m[39;49m[K
MiB Swap:(B[m[39;49m[1m  30447.0 (B[m[39;49mtotal,(B[m[39;49m[1m  30321.9 (B[m[39;49mfree,(B[m[39;49m[1m    125.1 (B[m[39;49mused.(B[m[39;49m[1m   7111.4 (B[m[39;49ma(B[m[39;49m(B[m[39;49m[K
[K

(B[m    1 root      20   0    8940    316    272 S   0.0   0.0 (B[m[39;49m[K
(B[m    7 root      20   0    8940    228    184 S   0.0   0.0 (B[m[39;49m[K
(B[m    8 zuricato  20   0   19428   5072   4964 S   0.0   0.0 (B[m[39;49m[K
(B[m 4698 zuricato  20   0   17384   3172   1492 T   0.0   0.0 (B[m[39;49m[K
(B[m[1m 4726 zuricato  20   0   18932   2160   1532 R   0.0   0.0 (B[m[39;49m[K
[J[?25l[H(B[mtop - 21:07:49 up  1:46,  0 users,  load average: 0.52, 0.58, 0.59(B[m[39;49m(B[m[39;49m[K
Tasks:(B[m[39;49m[1m   5 (B[m[39;49mtotal,(B[m[39;49m[1m   1 (B[m[39;49mrunning,(B[m[39;49m[1m   3 (B[m[39;49msleeping,(B[m[39;49m[1m   1 (B[m[39;49mstopped,(B[m[39;49m[1m   0 (B[m[39;49mzomb(B[m[39;49m(B[m[39;49m[K
%Cpu(s):(B[m[39;49m[1m  6.3 (B[m[39;49mus,(B[m[39;49m[1m  5.3 (B[m[39;49msy,(B[m[39;49m[1m  0.0 (B[m[39;49mni,(B[m[39;49m[1m 87.9 (B[m[39;49mid,(B[m[39;49m[1m  0.0 (B[m[39;49mwa,(B[m[39;49m[1m  0.6 (B[m[39;49mhi,(B[m[39;49m[1m  0.(B[m[39;49m(B[m[39;49m[K
MiB Mem :(B[m[39;49m[1m  12193.1 (B[m[39;49mtotal,(B[m[39;49m[1m   7018.5 (B[m[39;49mfree,(B[m[39;49m[1m   4950.7 (B[m[39;49mused,(B[m[39;49m[1m    224.0 (B[m[39;49mb(B[m[39;49m(B[m[39;49m[K
MiB Swap:(B[m[39;49m[1m  30447.0 (B[m[39;49mtotal,(B[m[39;49m[1m  30321.9 (B[m[39;49mfree,(B[m[39;49m[1m    125.1 (B[m[39;49mused.(B[m[39;49m[1m   7111.9 (B[m[39;49ma(B[m[39;49m(B[m[39;49m[K
[K
[7m  PID USER      PR  NI    VIRT    RES    SHR S  %CPU  %MEM (B[m[39;49m[K
(B[m    1 root      20   0    8940    316    272 S   0.0   0.0 (B[m[39;49m[K
(B[m    7 root      20   0    8940    228    184 S   0.0   0.0 (B[m[39;49m[K
(B[m    8 zuricato  20   0   19428   5072   4964 S   0.0   0.0 (B[m[39;49m[K
(B[m 4698 zuricato  20   0   17384   3172   1492 T   0.0   0.0 (B[m[39;49m[K
(B[m[1m 4726 zuricato  20   0   18932   2164   1536 R   0.0   0.0 (B[m[39;49m[K
[J[6;1H(B[m[39;49m  scroll coordinates: y = 1/5 (tasks), x = 1/12 (fields)[K[?25l[H(B[mtop - 21:07:49 up  1:46,  0 users,  load average: 0.52, 0.58, 0.59(B[m[39;49m(B[m[39;49m[K
Tasks:(B[m[39;49m[1m   5 (B[m[39;49mtotal,(B[m[39;49m[1m   1 (B[m[39;49mrunning,(B[m[39;49m[1m   3 (B[m[39;49msleeping,(B[m[39;49m[1m   1 (B[m[39;49mstopped,(B[m[39;49m[1m   0 (B[m[39;49mzomb(B[m[39;49m(B[m[39;49m[K
%Cpu(s):(B[m[39;49m[1m 33.3 (B[m[39;49mus,(B[m[39;49m[1m  0.0 (B[m[39;49msy,(B[m[39;49m[1m  0.0 (B[m[39;49mni,(B[m[39;49m[1m 66.7 (B[m[39;49mid,(B[m[39;49m[1m  0.0 (B[m[39;49mwa,(B[m[39;49m[1m  0.0 (B[m[39;49mhi,(B[m[39;49m[1m  0.(B[m[39;49m(B[m[39;49m[K
MiB Mem :(B[m[39;49m[1m  12193.1 (B[m[39;49mtotal,(B[m[39;49m[1m   7018.5 (B[m[39;49mfree,(B[m[39;49m[1m   4950.7 (B[m[39;49mused,(B[m[39;49m[1m    224.0 (B[m[39;49mb(B[m[39;49m(B[m[39;49m[K
MiB Swap:(B[m[39;49m[1m  30447.0 (B[m[39;49mtotal,(B[m[39;49m[1m  30321.9 (B[m[39;49mfree,(B[m[39;49m[1m    125.1 (B[m[39;49mused.(B[m[39;49m[1m   7111.9 (B[m[39;49ma(B[m[39;49m(B[m[39;49m[K
[K
[7m  PID USER      PR  NI    VIRT    RES    SHR S  %CPU  %MEM (B[m[39;49m[K
(B[m    1 root      20   0    8940    316    272 S   0.0   0.0 (B[m[39;49m[K
(B[m    7 root      20   0    8940    228    184 S   0.0   0.0 (B[m[39;49m[K
(B[m    8 zuricato  20   0   19428   5072   4964 S   0.0   0.0 (B[m[39;49m[K
(B[m 4698 zuricato  20   0   17384   3172   1492 T   0.0   0.0 (B[m[39;49m[K
(B[m[1m 4726 zuricato  20   0   18932   2168   1540 R   0.0   0.0 (B[m[39;49m[K
[J[?25l[H(B[mtop - 21:07:49 up  1:46,  0 users,  load average: 0.52, 0.58, 0.59(B[m[39;49m(B[m[39;49m[K
Tasks:(B[m[39;49m[1m   5 (B[m[39;49mtotal,(B[m[39;49m[1m   1 (B[m[39;49mrunning,(B[m[39;49m[1m   3 (B[m[39;49msleeping,(B[m[39;49m[1m   1 (B[m[39;49mstopped,(B[m[39;49m[1m   0 (B[m[39;49mzomb(B[m[39;49m(B[m[39;49m[K
%Cpu(s):(B[m[39;49m[1m  6.2 (B[m[39;49mus,(B[m[39;49m[1m  3.9 (B[m[39;49msy,(B[m[39;49m[1m  0.0 (B[m[39;49mni,(B[m[39;49m[1m 89.9 (B[m[39;49mid,(B[m[39;49m[1m  0.0 (B[m[39;49mwa,(B[m[39;49m[1m  0.0 (B[m[39;49mhi,(B[m[39;49m[1m  0.(B[m[39;49m(B[m[39;49m[K
MiB Mem :(B[m[39;49m[1m  12193.1 (B[m[39;49mtotal,(B[m[39;49m[1m   7018.5 (B[m[39;49mfree,(B[m[39;49m[1m   4950.6 (B[m[39;49mused,(B[m[39;49m[1m    224.0 (B[m[39;49mb(B[m[39;49m(B[m[39;49m[K
MiB Swap:(B[m[39;49m[1m  30447.0 (B[m[39;49mtotal,(B[m[39;49m[1m  30321.9 (B[m[39;49mfree,(B[m[39;49m[1m    125.1 (B[m[39;49mused.(B[m[39;49m[1m   7111.9 (B[m[39;49ma(B[m[39;49m(B[m[39;49m[K
[K
[7m  PID USER      PR  NI    VIRT    RES    SHR S  %CPU  %MEM (B[m[39;49m[K
(B[m    1 root      20   0    8940    316    272 S   0.0   0.0 (B[m[39;49m[K
(B[m    7 root      20   0    8940    228    184 S   0.0   0.0 (B[m[39;49m[K
(B[m    8 zuricato  20   0   19428   5072   4964 S   0.0   0.0 (B[m[39;49m[K
(B[m 4698 zuricato  20   0   17384   3172   1492 T   0.0   0.0 (B[m[39;49m[K
(B[m[1m 4726 zuricato  20   0   18932   2168   1540 R   0.0   0.0 (B[m[39;49m[K
[J[6;1H(B[m[39;49m  scroll coordinates: y = 1/5 (tasks), x = 1/12 (fields)[K[?1l>[36;1H
[?12l[?25h[K